<?xml version="1.0" encoding="UTF-8"?>
<testsuite xmlns:xsi="http://www.w3.org/2001/XMLSchema-instance" xsi:noNamespaceSchemaLocation="https://maven.apache.org/surefire/maven-surefire-plugin/xsd/surefire-test-report.xsd" name="com.hackerrank.restcontrolleradvice.RestControllerAdviceTests" time="4.25" tests="4" errors="0" skipped="0" failures="0">
  <properties>
[...]
</properties>
  <testcase name="testFizzBuzzException" classname="com.hackerrank.restcontrolleradvice.RestControllerAdviceTests" time="1.086"/>
  <testcase name="testFizzException" classname="com.hackerrank.restcontrolleradvice.RestControllerAdviceTests" time="0.477"/>
  <testcase name="testFizzBuzzResponse" classname="com.hackerrank.restcontrolleradvice.RestControllerAdviceTests" time="0.356"/>
  <testcase name="testBuzzException" classname="com.hackerrank.restcontrolleradvice.RestControllerAdviceTests" time="0.342"/>
</testsuite>